2026-06-26 13:33:38  --- Reconnect check started ---
2026-06-26 13:33:39  'Desk Soundbar' is already connected (audio endpoint active).
2026-06-26 13:33:39  Set 'Speakers (Desk Soundbar)' as default audio device.
2026-06-26 13:33:39  --- Reconnect check complete ---
2026-06-26 13:35:38  --- Reconnect check started ---
2026-06-26 13:35:38  'Desk Soundbar' is already connected (audio endpoint active).
2026-06-26 13:35:39  Set 'Speakers (Desk Soundbar)' as default audio device.
2026-06-26 13:35:39  --- Reconnect check complete ---
2026-06-26 13:37:38  --- Reconnect check started ---
2026-06-26 13:37:38  'Desk Soundbar' is already connected (audio endpoint active).
2026-06-26 13:37:39  Set 'Speakers (Desk Soundbar)' as default audio device.
2026-06-26 13:37:39  --- Reconnect check complete ---
2026-06-26 13:39:38  --- Reconnect check started ---
2026-06-26 13:39:38  'Desk Soundbar' is already connected (audio endpoint active).
2026-06-26 13:39:39  Set 'Speakers (Desk Soundbar)' as default audio device.
2026-06-26 13:39:39  --- Reconnect check complete ---
2026-06-26 13:41:38  --- Reconnect check started ---
2026-06-26 13:41:39  'Desk Soundbar' is already connected (audio endpoint active).
2026-06-26 13:41:39  Set 'Speakers (Desk Soundbar)' as default audio device.
2026-06-26 13:41:39  --- Reconnect check complete ---
2026-06-26 13:43:38  --- Reconnect check started ---
2026-06-26 13:43:39  'Desk Soundbar' is already connected (audio endpoint active).
2026-06-26 13:43:39  Set 'Speakers (Desk Soundbar)' as default audio device.
2026-06-26 13:43:39  --- Reconnect check complete ---
2026-06-26 13:45:38  --- Reconnect check started ---
2026-06-26 13:45:39  'Desk Soundbar' is already connected (audio endpoint active).
2026-06-26 13:45:39  Set 'Speakers (Desk Soundbar)' as default audio device.
2026-06-26 13:45:39  --- Reconnect check complete ---
2026-06-26 13:47:38  --- Reconnect check started ---
2026-06-26 13:47:39  'Desk Soundbar' is already connected (audio endpoint active).
2026-06-26 13:47:39  Set 'Speakers (Desk Soundbar)' as default audio device.
2026-06-26 13:47:39  --- Reconnect check complete ---
2026-06-26 13:49:38  --- Reconnect check started ---
2026-06-26 13:49:39  'Desk Soundbar' is already connected (audio endpoint active).
2026-06-26 13:49:39  Set 'Speakers (Desk Soundbar)' as default audio device.
2026-06-26 13:49:39  --- Reconnect check complete ---
2026-06-26 13:51:38  --- Reconnect check started ---
2026-06-26 13:51:39  'Desk Soundbar' is already connected (audio endpoint active).
2026-06-26 13:51:39  Set 'Speakers (Desk Soundbar)' as default audio device.
2026-06-26 13:51:39  --- Reconnect check complete ---
2026-06-26 13:53:38  --- Reconnect check started ---
2026-06-26 13:53:39  'Desk Soundbar' is already connected (audio endpoint active).
2026-06-26 13:53:39  Set 'Speakers (Desk Soundbar)' as default audio device.
2026-06-26 13:53:39  --- Reconnect check complete ---
2026-06-26 13:55:38  --- Reconnect check started ---
2026-06-26 13:55:39  'Desk Soundbar' is already connected (audio endpoint active).
2026-06-26 13:55:39  Set 'Speakers (Desk Soundbar)' as default audio device.
2026-06-26 13:55:39  --- Reconnect check complete ---
2026-06-26 13:57:38  --- Reconnect check started ---
2026-06-26 13:57:39  'Desk Soundbar' is already connected (audio endpoint active).
2026-06-26 13:57:39  Set 'Speakers (Desk Soundbar)' as default audio device.
2026-06-26 13:57:39  --- Reconnect check complete ---
2026-06-26 13:59:38  --- Reconnect check started ---
2026-06-26 13:59:39  'Desk Soundbar' is already connected (audio endpoint active).
2026-06-26 13:59:39  Set 'Speakers (Desk Soundbar)' as default audio device.
2026-06-26 13:59:39  --- Reconnect check complete ---
2026-06-26 14:01:38  --- Reconnect check started ---
2026-06-26 14:01:39  'Desk Soundbar' is already connected (audio endpoint active).
2026-06-26 14:01:39  Set 'Speakers (Desk Soundbar)' as default audio device.
2026-06-26 14:01:39  --- Reconnect check complete ---
2026-06-26 14:02:02  --- Reconnect check started ---
2026-06-26 14:02:02  'Desk Soundbar' is already connected (audio endpoint active).
2026-06-26 14:02:03  Set 'Speakers (Desk Soundbar)' as default audio device.
2026-06-26 14:02:03  --- Reconnect check complete ---
2026-06-26 14:03:38  --- Reconnect check started ---
2026-06-26 14:03:39  'Desk Soundbar' is already connected (audio endpoint active).
2026-06-26 14:03:39  Set 'Speakers (Desk Soundbar)' as default audio device.
2026-06-26 14:03:39  --- Reconnect check complete ---
2026-06-26 14:05:38  --- Reconnect check started ---
2026-06-26 14:05:39  'Desk Soundbar' is already connected (audio endpoint active).
2026-06-26 14:05:39  Set 'Speakers (Desk Soundbar)' as default audio device.
2026-06-26 14:05:39  --- Reconnect check complete ---
2026-06-26 14:07:38  --- Reconnect check started ---
2026-06-26 14:07:39  'Desk Soundbar' is already connected (audio endpoint active).
2026-06-26 14:07:39  Set 'Speakers (Desk Soundbar)' as default audio device.
2026-06-26 14:07:39  --- Reconnect check complete ---
2026-06-26 14:09:57  --- Reconnect check started ---
2026-06-26 14:09:58  'Desk Soundbar' is already connected (audio endpoint active).
2026-06-26 14:09:58  Set 'Speakers (Desk Soundbar)' as default audio device.
2026-06-26 14:09:58  --- Reconnect check complete ---
2026-06-26 14:11:57  --- Reconnect check started ---
2026-06-26 14:11:58  'Desk Soundbar' is already connected (audio endpoint active).
2026-06-26 14:11:58  Set 'Speakers (Desk Soundbar)' as default audio device.
2026-06-26 14:11:58  --- Reconnect check complete ---
2026-06-26 14:13:57  --- Reconnect check started ---
2026-06-26 14:13:58  'Desk Soundbar' is already connected (audio endpoint active).
2026-06-26 14:13:58  Set 'Speakers (Desk Soundbar)' as default audio device.
2026-06-26 14:13:58  --- Reconnect check complete ---
2026-06-26 14:15:57  --- Reconnect check started ---
2026-06-26 14:15:58  'Desk Soundbar' is already connected (audio endpoint active).
2026-06-26 14:15:58  Set 'Speakers (Desk Soundbar)' as default audio device.
2026-06-26 14:15:58  --- Reconnect check complete ---
2026-06-26 14:17:57  --- Reconnect check started ---
2026-06-26 14:17:58  'Desk Soundbar' is already connected (audio endpoint active).
2026-06-26 14:17:58  Set 'Speakers (Desk Soundbar)' as default audio device.
2026-06-26 14:17:58  --- Reconnect check complete ---
2026-06-26 14:19:57  --- Reconnect check started ---
2026-06-26 14:19:58  'Desk Soundbar' is already connected (audio endpoint active).
2026-06-26 14:19:58  Set 'Speakers (Desk Soundbar)' as default audio device.
2026-06-26 14:19:58  --- Reconnect check complete ---
2026-06-26 14:21:57  --- Reconnect check started ---
2026-06-26 14:21:58  'Desk Soundbar' is already connected (audio endpoint active).
2026-06-26 14:21:58  Set 'Speakers (Desk Soundbar)' as default audio device.
2026-06-26 14:21:58  --- Reconnect check complete ---
2026-06-26 14:23:47  --- Reconnect check started ---
2026-06-26 14:23:48  'Desk Soundbar' is already connected (audio endpoint active).
2026-06-26 14:23:48  Set 'Speakers (Desk Soundbar)' as default audio device.
2026-06-26 14:23:48  --- Reconnect check complete ---
2026-06-26 14:25:29  --- Reconnect check started ---
2026-06-26 14:25:30  'Desk Soundbar' is already connected (audio endpoint active).
2026-06-26 14:25:30  Set 'Speakers (Desk Soundbar)' as default audio device.
2026-06-26 14:25:30  --- Reconnect check complete ---
2026-06-26 14:27:29  --- Reconnect check started ---
2026-06-26 14:27:30  'Desk Soundbar' is already connected (audio endpoint active).
2026-06-26 14:27:30  Set 'Speakers (Desk Soundbar)' as default audio device.
2026-06-26 14:27:30  --- Reconnect check complete ---
2026-06-26 14:29:29  --- Reconnect check started ---
2026-06-26 14:29:30  'Desk Soundbar' is already connected (audio endpoint active).
2026-06-26 14:29:30  Set 'Speakers (Desk Soundbar)' as default audio device.
2026-06-26 14:29:30  --- Reconnect check complete ---
2026-06-26 14:31:29  --- Reconnect check started ---
2026-06-26 14:31:30  'Desk Soundbar' is already connected (audio endpoint active).
2026-06-26 14:31:30  Set 'Speakers (Desk Soundbar)' as default audio device.
2026-06-26 14:31:30  --- Reconnect check complete ---
2026-06-26 14:33:29  --- Reconnect check started ---
2026-06-26 14:33:30  'Desk Soundbar' is already connected (audio endpoint active).
2026-06-26 14:33:30  Set 'Speakers (Desk Soundbar)' as default audio device.
2026-06-26 14:33:30  --- Reconnect check complete ---
2026-06-26 14:35:29  --- Reconnect check started ---
2026-06-26 14:35:30  'Desk Soundbar' is already connected (audio endpoint active).
2026-06-26 14:35:30  Set 'Speakers (Desk Soundbar)' as default audio device.
2026-06-26 14:35:30  --- Reconnect check complete ---
2026-06-26 14:37:29  --- Reconnect check started ---
2026-06-26 14:37:30  'Desk Soundbar' is already connected (audio endpoint active).
2026-06-26 14:37:30  Set 'Speakers (Desk Soundbar)' as default audio device.
2026-06-26 14:37:30  --- Reconnect check complete ---
2026-06-26 14:39:29  --- Reconnect check started ---
2026-06-26 14:39:30  'Desk Soundbar' is already connected (audio endpoint active).
2026-06-26 14:39:30  Set 'Speakers (Desk Soundbar)' as default audio device.
2026-06-26 14:39:30  --- Reconnect check complete ---
2026-06-26 14:41:29  --- Reconnect check started ---
2026-06-26 14:41:30  'Desk Soundbar' is already connected (audio endpoint active).
2026-06-26 14:41:30  Set 'Speakers (Desk Soundbar)' as default audio device.
2026-06-26 14:41:30  --- Reconnect check complete ---
2026-06-26 14:43:29  --- Reconnect check started ---
2026-06-26 14:43:30  'Desk Soundbar' is already connected (audio endpoint active).
2026-06-26 14:43:30  Set 'Speakers (Desk Soundbar)' as default audio device.
2026-06-26 14:43:30  --- Reconnect check complete ---
2026-06-26 14:45:29  --- Reconnect check started ---
2026-06-26 14:45:30  'Desk Soundbar' is already connected (audio endpoint active).
2026-06-26 14:45:30  Set 'Speakers (Desk Soundbar)' as default audio device.
2026-06-26 14:45:30  --- Reconnect check complete ---
2026-06-26 14:47:29  --- Reconnect check started ---
2026-06-26 14:47:30  'Desk Soundbar' is already connected (audio endpoint active).
2026-06-26 14:47:30  Set 'Speakers (Desk Soundbar)' as default audio device.
2026-06-26 14:47:30  --- Reconnect check complete ---
2026-06-26 14:49:29  --- Reconnect check started ---
2026-06-26 14:49:30  'Desk Soundbar' is already connected (audio endpoint active).
2026-06-26 14:49:30  Set 'Speakers (Desk Soundbar)' as default audio device.
2026-06-26 14:49:30  --- Reconnect check complete ---
2026-06-26 14:51:29  --- Reconnect check started ---
2026-06-26 14:51:30  'Desk Soundbar' is already connected (audio endpoint active).
2026-06-26 14:51:30  Set 'Speakers (Desk Soundbar)' as default audio device.
2026-06-26 14:51:30  --- Reconnect check complete ---
2026-06-26 14:53:29  --- Reconnect check started ---
2026-06-26 14:53:30  'Desk Soundbar' is already connected (audio endpoint active).
2026-06-26 14:53:30  Set 'Speakers (Desk Soundbar)' as default audio device.
2026-06-26 14:53:30  --- Reconnect check complete ---
2026-06-26 14:55:29  --- Reconnect check started ---
2026-06-26 14:55:30  'Desk Soundbar' is already connected (audio endpoint active).
2026-06-26 14:55:30  Set 'Speakers (Desk Soundbar)' as default audio device.
2026-06-26 14:55:30  --- Reconnect check complete ---
2026-06-26 14:57:29  --- Reconnect check started ---
2026-06-26 14:57:30  'Desk Soundbar' is already connected (audio endpoint active).
2026-06-26 14:57:30  Set 'Speakers (Desk Soundbar)' as default audio device.
2026-06-26 14:57:30  --- Reconnect check complete ---
2026-06-26 14:59:29  --- Reconnect check started ---
2026-06-26 14:59:30  'Desk Soundbar' is already connected (audio endpoint active).
2026-06-26 14:59:30  Set 'Speakers (Desk Soundbar)' as default audio device.
2026-06-26 14:59:30  --- Reconnect check complete ---
2026-06-26 15:01:30  --- Reconnect check started ---
2026-06-26 15:01:30  'Desk Soundbar' is already connected (audio endpoint active).
2026-06-26 15:01:30  Set 'Speakers (Desk Soundbar)' as default audio device.
2026-06-26 15:01:30  --- Reconnect check complete ---
2026-06-26 15:03:30  --- Reconnect check started ---
2026-06-26 15:03:30  'Desk Soundbar' is already connected (audio endpoint active).
2026-06-26 15:03:30  Set 'Speakers (Desk Soundbar)' as default audio device.
2026-06-26 15:03:30  --- Reconnect check complete ---
2026-06-26 15:05:30  --- Reconnect check started ---
2026-06-26 15:05:30  'Desk Soundbar' is already connected (audio endpoint active).
2026-06-26 15:05:30  Set 'Speakers (Desk Soundbar)' as default audio device.
2026-06-26 15:05:30  --- Reconnect check complete ---
2026-06-26 15:07:30  --- Reconnect check started ---
2026-06-26 15:07:30  'Desk Soundbar' is already connected (audio endpoint active).
2026-06-26 15:07:30  Set 'Speakers (Desk Soundbar)' as default audio device.
2026-06-26 15:07:30  --- Reconnect check complete ---
2026-06-26 15:09:30  --- Reconnect check started ---
2026-06-26 15:09:30  'Desk Soundbar' is already connected (audio endpoint active).
2026-06-26 15:09:30  Set 'Speakers (Desk Soundbar)' as default audio device.
2026-06-26 15:09:30  --- Reconnect check complete ---
2026-06-26 15:11:30  --- Reconnect check started ---
2026-06-26 15:11:30  'Desk Soundbar' is already connected (audio endpoint active).
2026-06-26 15:11:30  Set 'Speakers (Desk Soundbar)' as default audio device.
2026-06-26 15:11:30  --- Reconnect check complete ---
2026-06-26 15:13:30  --- Reconnect check started ---
2026-06-26 15:13:30  'Desk Soundbar' is already connected (audio endpoint active).
2026-06-26 15:13:30  Set 'Speakers (Desk Soundbar)' as default audio device.
2026-06-26 15:13:30  --- Reconnect check complete ---
2026-06-26 15:15:30  --- Reconnect check started ---
2026-06-26 15:15:30  'Desk Soundbar' is already connected (audio endpoint active).
2026-06-26 15:15:30  Set 'Speakers (Desk Soundbar)' as default audio device.
2026-06-26 15:15:30  --- Reconnect check complete ---
2026-06-26 15:17:30  --- Reconnect check started ---
2026-06-26 15:17:30  'Desk Soundbar' is already connected (audio endpoint active).
2026-06-26 15:17:30  Set 'Speakers (Desk Soundbar)' as default audio device.
2026-06-26 15:17:30  --- Reconnect check complete ---
2026-06-26 15:19:30  --- Reconnect check started ---
2026-06-26 15:19:30  'Desk Soundbar' is already connected (audio endpoint active).
2026-06-26 15:19:30  Set 'Speakers (Desk Soundbar)' as default audio device.
2026-06-26 15:19:30  --- Reconnect check complete ---
2026-06-26 15:21:30  --- Reconnect check started ---
2026-06-26 15:21:30  'Desk Soundbar' is already connected (audio endpoint active).
2026-06-26 15:21:30  Set 'Speakers (Desk Soundbar)' as default audio device.
2026-06-26 15:21:30  --- Reconnect check complete ---
2026-06-26 15:23:30  --- Reconnect check started ---
2026-06-26 15:23:30  'Desk Soundbar' is already connected (audio endpoint active).
2026-06-26 15:23:30  Set 'Speakers (Desk Soundbar)' as default audio device.
2026-06-26 15:23:30  --- Reconnect check complete ---
2026-06-26 15:25:30  --- Reconnect check started ---
2026-06-26 15:25:30  'Desk Soundbar' is already connected (audio endpoint active).
2026-06-26 15:25:30  Set 'Speakers (Desk Soundbar)' as default audio device.
2026-06-26 15:25:30  --- Reconnect check complete ---
2026-06-26 15:27:30  --- Reconnect check started ---
2026-06-26 15:27:30  'Desk Soundbar' is already connected (audio endpoint active).
2026-06-26 15:27:30  Set 'Speakers (Desk Soundbar)' as default audio device.
2026-06-26 15:27:30  --- Reconnect check complete ---
2026-06-26 15:29:30  --- Reconnect check started ---
2026-06-26 15:29:30  'Desk Soundbar' is already connected (audio endpoint active).
2026-06-26 15:29:30  Set 'Speakers (Desk Soundbar)' as default audio device.
2026-06-26 15:29:30  --- Reconnect check complete ---
2026-06-26 15:31:30  --- Reconnect check started ---
2026-06-26 15:31:30  'Desk Soundbar' is already connected (audio endpoint active).
2026-06-26 15:31:30  Set 'Speakers (Desk Soundbar)' as default audio device.
2026-06-26 15:31:30  --- Reconnect check complete ---
2026-06-26 15:33:30  --- Reconnect check started ---
2026-06-26 15:33:30  'Desk Soundbar' is already connected (audio endpoint active).
2026-06-26 15:33:30  Set 'Speakers (Desk Soundbar)' as default audio device.
2026-06-26 15:33:30  --- Reconnect check complete ---
2026-06-26 15:35:30  --- Reconnect check started ---
2026-06-26 15:35:30  'Desk Soundbar' is already connected (audio endpoint active).
2026-06-26 15:35:30  Set 'Speakers (Desk Soundbar)' as default audio device.
2026-06-26 15:35:30  --- Reconnect check complete ---
2026-06-26 15:37:30  --- Reconnect check started ---
2026-06-26 15:37:30  'Desk Soundbar' is already connected (audio endpoint active).
2026-06-26 15:37:30  Set 'Speakers (Desk Soundbar)' as default audio device.
2026-06-26 15:37:30  --- Reconnect check complete ---
2026-06-26 15:39:30  --- Reconnect check started ---
2026-06-26 15:39:30  'Desk Soundbar' is already connected (audio endpoint active).
2026-06-26 15:39:30  Set 'Speakers (Desk Soundbar)' as default audio device.
2026-06-26 15:39:30  --- Reconnect check complete ---
2026-06-26 15:41:30  --- Reconnect check started ---
2026-06-26 15:41:30  'Desk Soundbar' is already connected (audio endpoint active).
2026-06-26 15:41:30  Set 'Speakers (Desk Soundbar)' as default audio device.
2026-06-26 15:41:30  --- Reconnect check complete ---
2026-06-26 15:43:30  --- Reconnect check started ---
2026-06-26 15:43:30  'Desk Soundbar' is already connected (audio endpoint active).
2026-06-26 15:43:30  Set 'Speakers (Desk Soundbar)' as default audio device.
2026-06-26 15:43:30  --- Reconnect check complete ---
2026-06-26 15:45:30  --- Reconnect check started ---
2026-06-26 15:45:30  'Desk Soundbar' is already connected (audio endpoint active).
2026-06-26 15:45:30  Set 'Speakers (Desk Soundbar)' as default audio device.
2026-06-26 15:45:30  --- Reconnect check complete ---
2026-06-26 15:47:30  --- Reconnect check started ---
2026-06-26 15:47:30  'Desk Soundbar' is already connected (audio endpoint active).
2026-06-26 15:47:30  Set 'Speakers (Desk Soundbar)' as default audio device.
2026-06-26 15:47:30  --- Reconnect check complete ---
2026-06-26 15:49:30  --- Reconnect check started ---
2026-06-26 15:49:30  'Desk Soundbar' is already connected (audio endpoint active).
2026-06-26 15:49:30  Set 'Speakers (Desk Soundbar)' as default audio device.
2026-06-26 15:49:30  --- Reconnect check complete ---
2026-06-26 15:51:30  --- Reconnect check started ---
2026-06-26 15:51:30  'Desk Soundbar' is already connected (audio endpoint active).
2026-06-26 15:51:30  Set 'Speakers (Desk Soundbar)' as default audio device.
2026-06-26 15:51:30  --- Reconnect check complete ---
2026-06-26 15:53:30  --- Reconnect check started ---
2026-06-26 15:53:30  'Desk Soundbar' is already connected (audio endpoint active).
2026-06-26 15:53:30  Set 'Speakers (Desk Soundbar)' as default audio device.
2026-06-26 15:53:30  --- Reconnect check complete ---
2026-06-26 15:55:30  --- Reconnect check started ---
2026-06-26 15:55:30  'Desk Soundbar' is already connected (audio endpoint active).
2026-06-26 15:55:30  Set 'Speakers (Desk Soundbar)' as default audio device.
2026-06-26 15:55:30  --- Reconnect check complete ---
2026-06-26 15:57:30  --- Reconnect check started ---
2026-06-26 15:57:30  'Desk Soundbar' is already connected (audio endpoint active).
2026-06-26 15:57:30  Set 'Speakers (Desk Soundbar)' as default audio device.
2026-06-26 15:57:30  --- Reconnect check complete ---
2026-06-26 15:59:30  --- Reconnect check started ---
2026-06-26 15:59:30  'Desk Soundbar' is already connected (audio endpoint active).
2026-06-26 15:59:30  Set 'Speakers (Desk Soundbar)' as default audio device.
2026-06-26 15:59:30  --- Reconnect check complete ---
2026-06-26 16:01:30  --- Reconnect check started ---
2026-06-26 16:01:30  'Desk Soundbar' is already connected (audio endpoint active).
2026-06-26 16:01:30  Set 'Speakers (Desk Soundbar)' as default audio device.
2026-06-26 16:01:30  --- Reconnect check complete ---
2026-06-26 16:03:30  --- Reconnect check started ---
2026-06-26 16:03:30  'Desk Soundbar' is already connected (audio endpoint active).
2026-06-26 16:03:30  Set 'Speakers (Desk Soundbar)' as default audio device.
2026-06-26 16:03:30  --- Reconnect check complete ---
2026-06-26 16:05:30  --- Reconnect check started ---
2026-06-26 16:05:30  'Desk Soundbar' is already connected (audio endpoint active).
2026-06-26 16:05:30  Set 'Speakers (Desk Soundbar)' as default audio device.
2026-06-26 16:05:30  --- Reconnect check complete ---
2026-06-26 16:07:30  --- Reconnect check started ---
2026-06-26 16:07:30  'Desk Soundbar' is already connected (audio endpoint active).
2026-06-26 16:07:30  Set 'Speakers (Desk Soundbar)' as default audio device.
2026-06-26 16:07:30  --- Reconnect check complete ---
2026-06-26 16:09:30  --- Reconnect check started ---
2026-06-26 16:09:30  'Desk Soundbar' is already connected (audio endpoint active).
2026-06-26 16:09:30  Set 'Speakers (Desk Soundbar)' as default audio device.
2026-06-26 16:09:30  --- Reconnect check complete ---
2026-06-26 16:11:30  --- Reconnect check started ---
2026-06-26 16:11:30  'Desk Soundbar' is already connected (audio endpoint active).
2026-06-26 16:11:30  Set 'Speakers (Desk Soundbar)' as default audio device.
2026-06-26 16:11:30  --- Reconnect check complete ---
2026-06-26 16:13:30  --- Reconnect check started ---
2026-06-26 16:13:30  'Desk Soundbar' is already connected (audio endpoint active).
2026-06-26 16:13:30  Set 'Speakers (Desk Soundbar)' as default audio device.
2026-06-26 16:13:30  --- Reconnect check complete ---
2026-06-26 16:15:30  --- Reconnect check started ---
2026-06-26 16:15:30  'Desk Soundbar' is already connected (audio endpoint active).
2026-06-26 16:15:30  Set 'Speakers (Desk Soundbar)' as default audio device.
2026-06-26 16:15:30  --- Reconnect check complete ---
2026-06-26 16:17:30  --- Reconnect check started ---
2026-06-26 16:17:30  'Desk Soundbar' is already connected (audio endpoint active).
2026-06-26 16:17:30  Set 'Speakers (Desk Soundbar)' as default audio device.
2026-06-26 16:17:30  --- Reconnect check complete ---
2026-06-26 16:19:30  --- Reconnect check started ---
2026-06-26 16:19:30  'Desk Soundbar' is already connected (audio endpoint active).
2026-06-26 16:19:30  Set 'Speakers (Desk Soundbar)' as default audio device.
2026-06-26 16:19:30  --- Reconnect check complete ---
2026-06-26 16:21:30  --- Reconnect check started ---
2026-06-26 16:21:30  'Desk Soundbar' is already connected (audio endpoint active).
2026-06-26 16:21:30  Set 'Speakers (Desk Soundbar)' as default audio device.
2026-06-26 16:21:30  --- Reconnect check complete ---
2026-06-26 16:23:30  --- Reconnect check started ---
2026-06-26 16:23:30  'Desk Soundbar' is already connected (audio endpoint active).
2026-06-26 16:23:30  Set 'Speakers (Desk Soundbar)' as default audio device.
2026-06-26 16:23:30  --- Reconnect check complete ---
2026-06-26 16:25:30  --- Reconnect check started ---
2026-06-26 16:25:30  'Desk Soundbar' is already connected (audio endpoint active).
2026-06-26 16:25:30  Set 'Speakers (Desk Soundbar)' as default audio device.
2026-06-26 16:25:30  --- Reconnect check complete ---
2026-06-26 16:27:30  --- Reconnect check started ---
2026-06-26 16:27:30  'Desk Soundbar' is already connected (audio endpoint active).
2026-06-26 16:27:30  Set 'Speakers (Desk Soundbar)' as default audio device.
2026-06-26 16:27:30  --- Reconnect check complete ---
2026-06-26 16:29:30  --- Reconnect check started ---
2026-06-26 16:29:30  'Desk Soundbar' is already connected (audio endpoint active).
2026-06-26 16:29:30  Set 'Speakers (Desk Soundbar)' as default audio device.
2026-06-26 16:29:30  --- Reconnect check complete ---
2026-06-26 16:31:30  --- Reconnect check started ---
2026-06-26 16:31:30  'Desk Soundbar' is already connected (audio endpoint active).
2026-06-26 16:31:30  Set 'Speakers (Desk Soundbar)' as default audio device.
2026-06-26 16:31:31  --- Reconnect check complete ---
2026-06-26 16:33:30  --- Reconnect check started ---
2026-06-26 16:33:30  'Desk Soundbar' is already connected (audio endpoint active).
2026-06-26 16:33:30  Set 'Speakers (Desk Soundbar)' as default audio device.
2026-06-26 16:33:30  --- Reconnect check complete ---
2026-06-26 16:35:30  --- Reconnect check started ---
2026-06-26 16:35:30  'Desk Soundbar' is already connected (audio endpoint active).
2026-06-26 16:35:30  Set 'Speakers (Desk Soundbar)' as default audio device.
2026-06-26 16:35:30  --- Reconnect check complete ---
2026-06-26 16:37:30  --- Reconnect check started ---
2026-06-26 16:37:30  'Desk Soundbar' is already connected (audio endpoint active).
2026-06-26 16:37:30  Set 'Speakers (Desk Soundbar)' as default audio device.
2026-06-26 16:37:30  --- Reconnect check complete ---
2026-06-26 16:39:30  --- Reconnect check started ---
2026-06-26 16:39:30  'Desk Soundbar' is already connected (audio endpoint active).
2026-06-26 16:39:30  Set 'Speakers (Desk Soundbar)' as default audio device.
2026-06-26 16:39:30  --- Reconnect check complete ---
2026-06-26 16:41:30  --- Reconnect check started ---
2026-06-26 16:41:30  'Desk Soundbar' is already connected (audio endpoint active).
2026-06-26 16:41:30  Set 'Speakers (Desk Soundbar)' as default audio device.
2026-06-26 16:41:30  --- Reconnect check complete ---
2026-06-26 16:43:30  --- Reconnect check started ---
2026-06-26 16:43:30  'Desk Soundbar' is already connected (audio endpoint active).
2026-06-26 16:43:30  Set 'Speakers (Desk Soundbar)' as default audio device.
2026-06-26 16:43:30  --- Reconnect check complete ---
2026-06-26 16:45:30  --- Reconnect check started ---
2026-06-26 16:45:30  'Desk Soundbar' is already connected (audio endpoint active).
2026-06-26 16:45:30  Set 'Speakers (Desk Soundbar)' as default audio device.
2026-06-26 16:45:31  --- Reconnect check complete ---
2026-06-26 16:47:30  --- Reconnect check started ---
2026-06-26 16:47:30  'Desk Soundbar' is already connected (audio endpoint active).
2026-06-26 16:47:30  Set 'Speakers (Desk Soundbar)' as default audio device.
2026-06-26 16:47:30  --- Reconnect check complete ---
2026-06-26 16:49:30  --- Reconnect check started ---
2026-06-26 16:49:30  'Desk Soundbar' is already connected (audio endpoint active).
2026-06-26 16:49:30  Set 'Speakers (Desk Soundbar)' as default audio device.
2026-06-26 16:49:30  --- Reconnect check complete ---
2026-06-26 16:51:30  --- Reconnect check started ---
2026-06-26 16:51:30  'Desk Soundbar' is already connected (audio endpoint active).
2026-06-26 16:51:30  Set 'Speakers (Desk Soundbar)' as default audio device.
2026-06-26 16:51:30  --- Reconnect check complete ---
2026-06-26 16:53:30  --- Reconnect check started ---
2026-06-26 16:53:30  'Desk Soundbar' is already connected (audio endpoint active).
2026-06-26 16:53:30  Set 'Speakers (Desk Soundbar)' as default audio device.
2026-06-26 16:53:30  --- Reconnect check complete ---
2026-06-26 16:55:30  --- Reconnect check started ---
2026-06-26 16:55:30  'Desk Soundbar' is already connected (audio endpoint active).
2026-06-26 16:55:30  Set 'Speakers (Desk Soundbar)' as default audio device.
2026-06-26 16:55:30  --- Reconnect check complete ---
2026-06-26 16:57:30  --- Reconnect check started ---
2026-06-26 16:57:30  'Desk Soundbar' is already connected (audio endpoint active).
2026-06-26 16:57:31  Set 'Speakers (Desk Soundbar)' as default audio device.
2026-06-26 16:57:31  --- Reconnect check complete ---
2026-06-26 16:59:30  --- Reconnect check started ---
2026-06-26 16:59:30  'Desk Soundbar' is already connected (audio endpoint active).
2026-06-26 16:59:30  Set 'Speakers (Desk Soundbar)' as default audio device.
2026-06-26 16:59:30  --- Reconnect check complete ---
2026-06-26 17:01:30  --- Reconnect check started ---
2026-06-26 17:01:30  'Desk Soundbar' is already connected (audio endpoint active).
2026-06-26 17:01:31  Set 'Speakers (Desk Soundbar)' as default audio device.
2026-06-26 17:01:31  --- Reconnect check complete ---
2026-06-26 17:03:30  --- Reconnect check started ---
2026-06-26 17:03:30  'Desk Soundbar' is already connected (audio endpoint active).
2026-06-26 17:03:31  Set 'Speakers (Desk Soundbar)' as default audio device.
2026-06-26 17:03:31  --- Reconnect check complete ---
2026-06-26 17:05:30  --- Reconnect check started ---
2026-06-26 17:05:30  'Desk Soundbar' is already connected (audio endpoint active).
2026-06-26 17:05:31  Set 'Speakers (Desk Soundbar)' as default audio device.
2026-06-26 17:05:31  --- Reconnect check complete ---
2026-06-26 17:07:30  --- Reconnect check started ---
2026-06-26 17:07:30  'Desk Soundbar' is already connected (audio endpoint active).
2026-06-26 17:07:31  Set 'Speakers (Desk Soundbar)' as default audio device.
2026-06-26 17:07:31  --- Reconnect check complete ---
2026-06-26 17:09:30  --- Reconnect check started ---
2026-06-26 17:09:30  'Desk Soundbar' is already connected (audio endpoint active).
2026-06-26 17:09:30  Set 'Speakers (Desk Soundbar)' as default audio device.
2026-06-26 17:09:30  --- Reconnect check complete ---
2026-06-26 17:11:30  --- Reconnect check started ---
2026-06-26 17:11:30  'Desk Soundbar' is already connected (audio endpoint active).
2026-06-26 17:11:31  Set 'Speakers (Desk Soundbar)' as default audio device.
2026-06-26 17:11:31  --- Reconnect check complete ---
2026-06-26 17:13:30  --- Reconnect check started ---
2026-06-26 17:13:30  'Desk Soundbar' is already connected (audio endpoint active).
2026-06-26 17:13:31  Set 'Speakers (Desk Soundbar)' as default audio device.
2026-06-26 17:13:31  --- Reconnect check complete ---
2026-06-26 17:15:30  --- Reconnect check started ---
2026-06-26 17:15:30  'Desk Soundbar' is already connected (audio endpoint active).
2026-06-26 17:15:30  Set 'Speakers (Desk Soundbar)' as default audio device.
2026-06-26 17:15:30  --- Reconnect check complete ---
2026-06-26 17:17:30  --- Reconnect check started ---
2026-06-26 17:17:30  'Desk Soundbar' is already connected (audio endpoint active).
2026-06-26 17:17:31  Set 'Speakers (Desk Soundbar)' as default audio device.
2026-06-26 17:17:31  --- Reconnect check complete ---
2026-06-26 17:19:30  --- Reconnect check started ---
2026-06-26 17:19:30  'Desk Soundbar' is already connected (audio endpoint active).
2026-06-26 17:19:31  Set 'Speakers (Desk Soundbar)' as default audio device.
2026-06-26 17:19:31  --- Reconnect check complete ---
2026-06-26 17:21:30  --- Reconnect check started ---
2026-06-26 17:21:30  'Desk Soundbar' is already connected (audio endpoint active).
2026-06-26 17:21:31  Set 'Speakers (Desk Soundbar)' as default audio device.
2026-06-26 17:21:31  --- Reconnect check complete ---
2026-06-26 17:23:30  --- Reconnect check started ---
2026-06-26 17:23:30  'Desk Soundbar' is already connected (audio endpoint active).
2026-06-26 17:23:31  Set 'Speakers (Desk Soundbar)' as default audio device.
2026-06-26 17:23:31  --- Reconnect check complete ---
2026-06-26 17:25:30  --- Reconnect check started ---
2026-06-26 17:25:30  'Desk Soundbar' is already connected (audio endpoint active).
2026-06-26 17:25:31  Set 'Speakers (Desk Soundbar)' as default audio device.
2026-06-26 17:25:31  --- Reconnect check complete ---
2026-06-26 17:27:30  --- Reconnect check started ---
2026-06-26 17:27:31  'Desk Soundbar' is already connected (audio endpoint active).
2026-06-26 17:27:31  Set 'Speakers (Desk Soundbar)' as default audio device.
2026-06-26 17:27:31  --- Reconnect check complete ---
2026-06-26 17:29:30  --- Reconnect check started ---
2026-06-26 17:29:30  'Desk Soundbar' is already connected (audio endpoint active).
2026-06-26 17:29:30  Set 'Speakers (Desk Soundbar)' as default audio device.
2026-06-26 17:29:30  --- Reconnect check complete ---
2026-06-26 17:31:30  --- Reconnect check started ---
2026-06-26 17:31:30  'Desk Soundbar' is already connected (audio endpoint active).
2026-06-26 17:31:31  Set 'Speakers (Desk Soundbar)' as default audio device.
2026-06-26 17:31:31  --- Reconnect check complete ---
2026-06-26 17:33:30  --- Reconnect check started ---
2026-06-26 17:33:31  'Desk Soundbar' is already connected (audio endpoint active).
2026-06-26 17:33:31  Set 'Speakers (Desk Soundbar)' as default audio device.
2026-06-26 17:33:31  --- Reconnect check complete ---
2026-06-26 17:35:30  --- Reconnect check started ---
2026-06-26 17:35:31  'Desk Soundbar' is already connected (audio endpoint active).
2026-06-26 17:35:31  Set 'Speakers (Desk Soundbar)' as default audio device.
2026-06-26 17:35:31  --- Reconnect check complete ---
2026-06-26 17:37:30  --- Reconnect check started ---
2026-06-26 17:37:31  'Desk Soundbar' is already connected (audio endpoint active).
2026-06-26 17:37:31  Set 'Speakers (Desk Soundbar)' as default audio device.
2026-06-26 17:37:31  --- Reconnect check complete ---
2026-06-26 17:39:30  --- Reconnect check started ---
2026-06-26 17:39:31  'Desk Soundbar' is already connected (audio endpoint active).
2026-06-26 17:39:31  Set 'Speakers (Desk Soundbar)' as default audio device.
2026-06-26 17:39:31  --- Reconnect check complete ---
2026-06-26 17:41:30  --- Reconnect check started ---
2026-06-26 17:41:31  'Desk Soundbar' is already connected (audio endpoint active).
2026-06-26 17:41:31  Set 'Speakers (Desk Soundbar)' as default audio device.
2026-06-26 17:41:31  --- Reconnect check complete ---
2026-06-26 17:43:30  --- Reconnect check started ---
2026-06-26 17:43:31  'Desk Soundbar' is already connected (audio endpoint active).
2026-06-26 17:43:31  Set 'Speakers (Desk Soundbar)' as default audio device.
2026-06-26 17:43:31  --- Reconnect check complete ---
2026-06-26 17:45:30  --- Reconnect check started ---
2026-06-26 17:45:31  'Desk Soundbar' is already connected (audio endpoint active).
2026-06-26 17:45:31  Set 'Speakers (Desk Soundbar)' as default audio device.
2026-06-26 17:45:31  --- Reconnect check complete ---
2026-06-26 17:47:30  --- Reconnect check started ---
2026-06-26 17:47:31  'Desk Soundbar' is already connected (audio endpoint active).
2026-06-26 17:47:31  Set 'Speakers (Desk Soundbar)' as default audio device.
2026-06-26 17:47:31  --- Reconnect check complete ---
2026-06-26 17:49:30  --- Reconnect check started ---
2026-06-26 17:49:31  'Desk Soundbar' is already connected (audio endpoint active).
2026-06-26 17:49:31  Set 'Speakers (Desk Soundbar)' as default audio device.
2026-06-26 17:49:31  --- Reconnect check complete ---
2026-06-26 17:51:30  --- Reconnect check started ---
2026-06-26 17:51:31  'Desk Soundbar' is already connected (audio endpoint active).
2026-06-26 17:51:31  Set 'Speakers (Desk Soundbar)' as default audio device.
2026-06-26 17:51:31  --- Reconnect check complete ---
2026-06-26 17:53:30  --- Reconnect check started ---
2026-06-26 17:53:31  'Desk Soundbar' is already connected (audio endpoint active).
2026-06-26 17:53:31  Set 'Speakers (Desk Soundbar)' as default audio device.
2026-06-26 17:53:31  --- Reconnect check complete ---
2026-06-26 17:55:29  --- Reconnect check started ---
2026-06-26 17:55:30  'Desk Soundbar' is already connected (audio endpoint active).
2026-06-26 17:55:30  Set 'Speakers (Desk Soundbar)' as default audio device.
2026-06-26 17:55:30  --- Reconnect check complete ---
2026-06-26 17:57:29  --- Reconnect check started ---
2026-06-26 17:57:30  'Desk Soundbar' is already connected (audio endpoint active).
2026-06-26 17:57:30  Set 'Speakers (Desk Soundbar)' as default audio device.
2026-06-26 17:57:30  --- Reconnect check complete ---
2026-06-26 17:59:29  --- Reconnect check started ---
2026-06-26 17:59:30  'Desk Soundbar' is already connected (audio endpoint active).
2026-06-26 17:59:30  Set 'Speakers (Desk Soundbar)' as default audio device.
2026-06-26 17:59:30  --- Reconnect check complete ---
2026-06-26 18:01:29  --- Reconnect check started ---
2026-06-26 18:01:30  'Desk Soundbar' is already connected (audio endpoint active).
2026-06-26 18:01:30  Set 'Speakers (Desk Soundbar)' as default audio device.
2026-06-26 18:01:30  --- Reconnect check complete ---
2026-06-26 18:03:29  --- Reconnect check started ---
2026-06-26 18:03:30  'Desk Soundbar' is already connected (audio endpoint active).
2026-06-26 18:03:30  Set 'Speakers (Desk Soundbar)' as default audio device.
2026-06-26 18:03:30  --- Reconnect check complete ---
2026-06-26 18:05:29  --- Reconnect check started ---
2026-06-26 18:05:30  'Desk Soundbar' is already connected (audio endpoint active).
2026-06-26 18:05:30  Set 'Speakers (Desk Soundbar)' as default audio device.
2026-06-26 18:05:30  --- Reconnect check complete ---
2026-06-26 18:07:29  --- Reconnect check started ---
2026-06-26 18:07:30  'Desk Soundbar' is already connected (audio endpoint active).
2026-06-26 18:07:30  Set 'Speakers (Desk Soundbar)' as default audio device.
2026-06-26 18:07:30  --- Reconnect check complete ---
2026-06-26 18:09:29  --- Reconnect check started ---
2026-06-26 18:09:30  'Desk Soundbar' is already connected (audio endpoint active).
2026-06-26 18:09:30  Set 'Speakers (Desk Soundbar)' as default audio device.
2026-06-26 18:09:30  --- Reconnect check complete ---
2026-06-26 18:11:29  --- Reconnect check started ---
2026-06-26 18:11:30  'Desk Soundbar' is already connected (audio endpoint active).
2026-06-26 18:11:30  Set 'Speakers (Desk Soundbar)' as default audio device.
2026-06-26 18:11:30  --- Reconnect check complete ---
2026-06-26 18:13:29  --- Reconnect check started ---
2026-06-26 18:13:30  'Desk Soundbar' is already connected (audio endpoint active).
2026-06-26 18:13:30  Set 'Speakers (Desk Soundbar)' as default audio device.
2026-06-26 18:13:30  --- Reconnect check complete ---
2026-06-26 18:15:29  --- Reconnect check started ---
2026-06-26 18:15:30  'Desk Soundbar' is already connected (audio endpoint active).
2026-06-26 18:15:30  Set 'Speakers (Desk Soundbar)' as default audio device.
2026-06-26 18:15:30  --- Reconnect check complete ---
2026-06-26 18:17:29  --- Reconnect check started ---
2026-06-26 18:17:30  'Desk Soundbar' is already connected (audio endpoint active).
2026-06-26 18:17:30  Set 'Speakers (Desk Soundbar)' as default audio device.
2026-06-26 18:17:30  --- Reconnect check complete ---
2026-06-26 18:19:29  --- Reconnect check started ---
2026-06-26 18:19:30  'Desk Soundbar' is already connected (audio endpoint active).
2026-06-26 18:19:30  Set 'Speakers (Desk Soundbar)' as default audio device.
2026-06-26 18:19:30  --- Reconnect check complete ---
2026-06-26 18:21:29  --- Reconnect check started ---
2026-06-26 18:21:30  'Desk Soundbar' is already connected (audio endpoint active).
2026-06-26 18:21:30  Set 'Speakers (Desk Soundbar)' as default audio device.
2026-06-26 18:21:30  --- Reconnect check complete ---
2026-06-26 18:23:29  --- Reconnect check started ---
2026-06-26 18:23:30  'Desk Soundbar' is already connected (audio endpoint active).
2026-06-26 18:23:30  Set 'Speakers (Desk Soundbar)' as default audio device.
2026-06-26 18:23:30  --- Reconnect check complete ---
2026-06-26 18:25:29  --- Reconnect check started ---
2026-06-26 18:25:30  'Desk Soundbar' is already connected (audio endpoint active).
2026-06-26 18:25:30  Set 'Speakers (Desk Soundbar)' as default audio device.
2026-06-26 18:25:30  --- Reconnect check complete ---
2026-06-26 18:27:29  --- Reconnect check started ---
2026-06-26 18:27:30  'Desk Soundbar' is already connected (audio endpoint active).
2026-06-26 18:27:30  Set 'Speakers (Desk Soundbar)' as default audio device.
2026-06-26 18:27:30  --- Reconnect check complete ---
2026-06-26 18:29:29  --- Reconnect check started ---
2026-06-26 18:29:30  'Desk Soundbar' is already connected (audio endpoint active).
2026-06-26 18:29:30  Set 'Speakers (Desk Soundbar)' as default audio device.
2026-06-26 18:29:30  --- Reconnect check complete ---
2026-06-26 18:31:29  --- Reconnect check started ---
2026-06-26 18:31:30  'Desk Soundbar' is already connected (audio endpoint active).
2026-06-26 18:31:30  Set 'Speakers (Desk Soundbar)' as default audio device.
2026-06-26 18:31:30  --- Reconnect check complete ---
2026-06-26 18:33:29  --- Reconnect check started ---
2026-06-26 18:33:30  'Desk Soundbar' is already connected (audio endpoint active).
2026-06-26 18:33:30  Set 'Speakers (Desk Soundbar)' as default audio device.
2026-06-26 18:33:30  --- Reconnect check complete ---
2026-06-26 18:35:29  --- Reconnect check started ---
2026-06-26 18:35:30  'Desk Soundbar' is already connected (audio endpoint active).
2026-06-26 18:35:30  Set 'Speakers (Desk Soundbar)' as default audio device.
2026-06-26 18:35:30  --- Reconnect check complete ---
